# JRE version: OpenJDK Runtime Environment Temurin-21.0.9+10 (21.0.9+10) (build 21.0.9+10-LTS)
# Java VM: OpenJDK 64-Bit Server VM Temurin-21.0.9+10 (21.0.9+10-LTS, mixed mode, sharing, tiered, compressed oops, compressed class ptrs, parallel gc, windows-amd64)
GC Precious Log:
 CardTable entry size: 512
 CPUs: 8 total, 8 available
 Memory: 7834M
 Large Page Support: Disabled
 NUMA Support: Disabled
 Compressed Oops: Enabled (32-bit)
 Alignments: Space 512K, Generation 512K, Heap 2M
 Heap Min Capacity: 100M
 Heap Initial Capacity: 100M
 Heap Max Capacity: 2G
 Pre-touch: Disabled
 Parallel Workers: 8
Heap:
 PSYoungGen      total 2048K, used 787K [0x00000000d5580000, 0x00000000d5900000, 0x0000000100000000)
  eden space 1536K, 42% used [0x00000000d5580000,0x00000000d5624e88,0x00000000d5700000)
  from space 512K, 25% used [0x00000000d5880000,0x00000000d58a0000,0x00000000d5900000)
  to   space 512K, 0% used [0x00000000d5800000,0x00000000d5800000,0x00000000d5880000)
 ParOldGen       total 1324032K, used 1323558K [0x0000000080000000, 0x00000000d0d00000, 0x00000000d5580000)
  object space 1324032K, 99% used [0x0000000080000000,0x00000000d0c89a70,0x00000000d0d00000)
 Metaspace       used 83575K, committed 85056K, reserved 1179648K
  class space    used 8704K, committed 9408K, reserved 1048576K
GC Heap History (20 events):
Event: 14221.154 GC heap before
{Heap before GC invocations=10075 (full 11):
 PSYoungGen      total 2048K, used 1728K [0x00000000d5580000, 0x00000000d5900000, 0x0000000100000000)
  eden space 1536K, 100% used [0x00000000d5580000,0x00000000d5700000,0x00000000d5700000)
  from space 512K, 37% used [0x00000000d5880000,0x00000000d58b0000,0x00000000d5900000)
  to   space 512K, 0% used [0x00000000d5800000,0x00000000d5800000,0x00000000d5880000)
 ParOldGen       total 1324032K, used 1323534K [0x0000000080000000, 0x00000000d0d00000, 0x00000000d5580000)
  object space 1324032K, 99% used [0x0000000080000000,0x00000000d0c83a70,0x00000000d0d00000)
 Metaspace       used 83575K, committed 85056K, reserved 1179648K
  class space    used 8704K, committed 9408K, reserved 1048576K
}
Event: 14221.159 GC heap after
{Heap after GC invocations=10075 (full 11):
 PSYoungGen      total 2048K, used 160K [0x00000000d5580000, 0x00000000d5900000, 0x0000000100000000)
  eden space 1536K, 0% used [0x00000000d5580000,0x00000000d5580000,0x00000000d5700000)
  from space 512K, 31% used [0x00000000d5800000,0x00000000d5828000,0x00000000d5880000)
  to   space 512K, 0% used [0x00000000d5880000,0x00000000d5880000,0x00000000d5900000)
 ParOldGen       total 1324032K, used 1323534K [0x0000000080000000, 0x00000000d0d00000, 0x00000000d5580000)
  object space 1324032K, 99% used [0x0000000080000000,0x00000000d0c83a70,0x00000000d0d00000)
 Metaspace       used 83575K, committed 85056K, reserved 1179648K
  class space    used 8704K, committed 9408K, reserved 1048576K
}
Event: 14223.004 GC heap before
{Heap before GC invocations=10076 (full 11):
 PSYoungGen      total 2048K, used 1696K [0x00000000d5580000, 0x00000000d5900000, 0x0000000100000000)
  eden space 1536K, 100% used [0x00000000d5580000,0x00000000d5700000,0x00000000d5700000)
  from space 512K, 31% used [0x00000000d5800000,0x00000000d5828000,0x00000000d5880000)
  to   space 512K, 0% used [0x00000000d5880000,0x00000000d5880000,0x00000000d5900000)
 ParOldGen       total 1324032K, used 1323534K [0x0000000080000000, 0x00000000d0d00000, 0x00000000d5580000)
  object space 1324032K, 99% used [0x0000000080000000,0x00000000d0c83a70,0x00000000d0d00000)
 Metaspace       used 83575K, committed 85056K, reserved 1179648K
  class space    used 8704K, committed 9408K, reserved 1048576K
}
Event: 14223.013 GC heap after
{Heap after GC invocations=10076 (full 11):
 PSYoungGen      total 2048K, used 160K [0x00000000d5580000, 0x00000000d5900000, 0x0000000100000000)
  eden space 1536K, 0% used [0x00000000d5580000,0x00000000d5580000,0x00000000d5700000)
  from space 512K, 31% used [0x00000000d5880000,0x00000000d58a8000,0x00000000d5900000)
  to   space 512K, 0% used [0x00000000d5800000,0x00000000d5800000,0x00000000d5880000)
 ParOldGen       total 1324032K, used 1323534K [0x0000000080000000, 0x00000000d0d00000, 0x00000000d5580000)
  object space 1324032K, 99% used [0x0000000080000000,0x00000000d0c83a70,0x00000000d0d00000)
 Metaspace       used 83575K, committed 85056K, reserved 1179648K
  class space    used 8704K, committed 9408K, reserved 1048576K
}
Event: 14223.689 GC heap before
{Heap before GC invocations=10077 (full 11):
 PSYoungGen      total 2048K, used 1696K [0x00000000d5580000, 0x00000000d5900000, 0x0000000100000000)
  eden space 1536K, 100% used [0x00000000d5580000,0x00000000d5700000,0x00000000d5700000)
  from space 512K, 31% used [0x00000000d5880000,0x00000000d58a8000,0x00000000d5900000)
  to   space 512K, 0% used [0x00000000d5800000,0x00000000d5800000,0x00000000d5880000)
 ParOldGen       total 1324032K, used 1323534K [0x0000000080000000, 0x00000000d0d00000, 0x00000000d5580000)
  object space 1324032K, 99% used [0x0000000080000000,0x00000000d0c83a70,0x00000000d0d00000)
 Metaspace       used 83575K, committed 85056K, reserved 1179648K
  class space    used 8704K, committed 9408K, reserved 1048576K
}
Event: 14223.696 GC heap after
{Heap after GC invocations=10077 (full 11):
 PSYoungGen      total 2048K, used 128K [0x00000000d5580000, 0x00000000d5900000, 0x0000000100000000)
  eden space 1536K, 0% used [0x00000000d5580000,0x00000000d5580000,0x00000000d5700000)
  from space 512K, 25% used [0x00000000d5800000,0x00000000d5820000,0x00000000d5880000)
  to   space 512K, 0% used [0x00000000d5880000,0x00000000d5880000,0x00000000d5900000)
 ParOldGen       total 1324032K, used 1323534K [0x0000000080000000, 0x00000000d0d00000, 0x00000000d5580000)
  object space 1324032K, 99% used [0x0000000080000000,0x00000000d0c83a70,0x00000000d0d00000)
 Metaspace       used 83575K, committed 85056K, reserved 1179648K
  class space    used 8704K, committed 9408K, reserved 1048576K
}
Event: 14230.960 GC heap before
{Heap before GC invocations=10078 (full 11):
 PSYoungGen      total 2048K, used 1664K [0x00000000d5580000, 0x00000000d5900000, 0x0000000100000000)
  eden space 1536K, 100% used [0x00000000d5580000,0x00000000d5700000,0x00000000d5700000)
  from space 512K, 25% used [0x00000000d5800000,0x00000000d5820000,0x00000000d5880000)
  to   space 512K, 0% used [0x00000000d5880000,0x00000000d5880000,0x00000000d5900000)
 ParOldGen       total 1324032K, used 1323534K [0x0000000080000000, 0x00000000d0d00000, 0x00000000d5580000)
  object space 1324032K, 99% used [0x0000000080000000,0x00000000d0c83a70,0x00000000d0d00000)
 Metaspace       used 83575K, committed 85056K, reserved 1179648K
  class space    used 8704K, committed 9408K, reserved 1048576K
}
Event: 14230.966 GC heap after
{Heap after GC invocations=10078 (full 11):
 PSYoungGen      total 2048K, used 192K [0x00000000d5580000, 0x00000000d5900000, 0x0000000100000000)
  eden space 1536K, 0% used [0x00000000d5580000,0x00000000d5580000,0x00000000d5700000)
  from space 512K, 37% used [0x00000000d5880000,0x00000000d58b0000,0x00000000d5900000)
  to   space 512K, 0% used [0x00000000d5800000,0x00000000d5800000,0x00000000d5880000)
 ParOldGen       total 1324032K, used 1323534K [0x0000000080000000, 0x00000000d0d00000, 0x00000000d5580000)
  object space 1324032K, 99% used [0x0000000080000000,0x00000000d0c83a70,0x00000000d0d00000)
 Metaspace       used 83575K, committed 85056K, reserved 1179648K
  class space    used 8704K, committed 9408K, reserved 1048576K
}
Event: 14238.691 GC heap before
{Heap before GC invocations=10079 (full 11):
 PSYoungGen      total 2048K, used 1728K [0x00000000d5580000, 0x00000000d5900000, 0x0000000100000000)
  eden space 1536K, 100% used [0x00000000d5580000,0x00000000d5700000,0x00000000d5700000)
  from space 512K, 37% used [0x00000000d5880000,0x00000000d58b0000,0x00000000d5900000)
  to   space 512K, 0% used [0x00000000d5800000,0x00000000d5800000,0x00000000d5880000)
 ParOldGen       total 1324032K, used 1323534K [0x0000000080000000, 0x00000000d0d00000, 0x00000000d5580000)
  object space 1324032K, 99% used [0x0000000080000000,0x00000000d0c83a70,0x00000000d0d00000)
 Metaspace       used 83575K, committed 85056K, reserved 1179648K
  class space    used 8704K, committed 9408K, reserved 1048576K
}
Event: 14239.230 GC heap after
{Heap after GC invocations=10079 (full 11):
 PSYoungGen      total 2048K, used 192K [0x00000000d5580000, 0x00000000d5900000, 0x0000000100000000)
  eden space 1536K, 0% used [0x00000000d5580000,0x00000000d5580000,0x00000000d5700000)
  from space 512K, 37% used [0x00000000d5800000,0x00000000d5830000,0x00000000d5880000)
  to   space 512K, 0% used [0x00000000d5880000,0x00000000d5880000,0x00000000d5900000)
 ParOldGen       total 1324032K, used 1323534K [0x0000000080000000, 0x00000000d0d00000, 0x00000000d5580000)
  object space 1324032K, 99% used [0x0000000080000000,0x00000000d0c83a70,0x00000000d0d00000)
 Metaspace       used 83575K, committed 85056K, reserved 1179648K
  class space    used 8704K, committed 9408K, reserved 1048576K
}
Event: 14246.093 GC heap before
{Heap before GC invocations=10080 (full 11):
 PSYoungGen      total 2048K, used 1728K [0x00000000d5580000, 0x00000000d5900000, 0x0000000100000000)
  eden space 1536K, 100% used [0x00000000d5580000,0x00000000d5700000,0x00000000d5700000)
  from space 512K, 37% used [0x00000000d5800000,0x00000000d5830000,0x00000000d5880000)
  to   space 512K, 0% used [0x00000000d5880000,0x00000000d5880000,0x00000000d5900000)
 ParOldGen       total 1324032K, used 1323534K [0x0000000080000000, 0x00000000d0d00000, 0x00000000d5580000)
  object space 1324032K, 99% used [0x0000000080000000,0x00000000d0c83a70,0x00000000d0d00000)
 Metaspace       used 83575K, committed 85056K, reserved 1179648K
  class space    used 8704K, committed 9408K, reserved 1048576K
}
Event: 14246.101 GC heap after
{Heap after GC invocations=10080 (full 11):
 PSYoungGen      total 2048K, used 224K [0x00000000d5580000, 0x00000000d5900000, 0x0000000100000000)
  eden space 1536K, 0% used [0x00000000d5580000,0x00000000d5580000,0x00000000d5700000)
  from space 512K, 43% used [0x00000000d5880000,0x00000000d58b8000,0x00000000d5900000)
  to   space 512K, 0% used [0x00000000d5800000,0x00000000d5800000,0x00000000d5880000)
 ParOldGen       total 1324032K, used 1323534K [0x0000000080000000, 0x00000000d0d00000, 0x00000000d5580000)
  object space 1324032K, 99% used [0x0000000080000000,0x00000000d0c83a70,0x00000000d0d00000)
 Metaspace       used 83575K, committed 85056K, reserved 1179648K
  class space    used 8704K, committed 9408K, reserved 1048576K
}
Event: 14246.394 GC heap before
{Heap before GC invocations=10081 (full 11):
 PSYoungGen      total 2048K, used 1760K [0x00000000d5580000, 0x00000000d5900000, 0x0000000100000000)
  eden space 1536K, 100% used [0x00000000d5580000,0x00000000d5700000,0x00000000d5700000)
  from space 512K, 43% used [0x00000000d5880000,0x00000000d58b8000,0x00000000d5900000)
  to   space 512K, 0% used [0x00000000d5800000,0x00000000d5800000,0x00000000d5880000)
 ParOldGen       total 1324032K, used 1323534K [0x0000000080000000, 0x00000000d0d00000, 0x00000000d5580000)
  object space 1324032K, 99% used [0x0000000080000000,0x00000000d0c83a70,0x00000000d0d00000)
 Metaspace       used 83575K, committed 85056K, reserved 1179648K
  class space    used 8704K, committed 9408K, reserved 1048576K
}
Event: 14246.401 GC heap after
{Heap after GC invocations=10081 (full 11):
 PSYoungGen      total 2048K, used 160K [0x00000000d5580000, 0x00000000d5900000, 0x0000000100000000)
  eden space 1536K, 0% used [0x00000000d5580000,0x00000000d5580000,0x00000000d5700000)
  from space 512K, 31% used [0x00000000d5800000,0x00000000d5828000,0x00000000d5880000)
  to   space 512K, 0% used [0x00000000d5880000,0x00000000d5880000,0x00000000d5900000)
 ParOldGen       total 1324032K, used 1323534K [0x0000000080000000, 0x00000000d0d00000, 0x00000000d5580000)
  object space 1324032K, 99% used [0x0000000080000000,0x00000000d0c83a70,0x00000000d0d00000)
 Metaspace       used 83575K, committed 85056K, reserved 1179648K
  class space    used 8704K, committed 9408K, reserved 1048576K
}
Event: 14247.058 GC heap before
{Heap before GC invocations=10082 (full 11):
 PSYoungGen      total 2048K, used 1696K [0x00000000d5580000, 0x00000000d5900000, 0x0000000100000000)
  eden space 1536K, 100% used [0x00000000d5580000,0x00000000d5700000,0x00000000d5700000)
  from space 512K, 31% used [0x00000000d5800000,0x00000000d5828000,0x00000000d5880000)
  to   space 512K, 0% used [0x00000000d5880000,0x00000000d5880000,0x00000000d5900000)
 ParOldGen       total 1324032K, used 1323534K [0x0000000080000000, 0x00000000d0d00000, 0x00000000d5580000)
  object space 1324032K, 99% used [0x0000000080000000,0x00000000d0c83a70,0x00000000d0d00000)
 Metaspace       used 83575K, committed 85056K, reserved 1179648K
  class space    used 8704K, committed 9408K, reserved 1048576K
}
Event: 14247.069 GC heap after
{Heap after GC invocations=10082 (full 11):
 PSYoungGen      total 2048K, used 192K [0x00000000d5580000, 0x00000000d5900000, 0x0000000100000000)
  eden space 1536K, 0% used [0x00000000d5580000,0x00000000d5580000,0x00000000d5700000)
  from space 512K, 37% used [0x00000000d5880000,0x00000000d58b0000,0x00000000d5900000)
  to   space 512K, 0% used [0x00000000d5800000,0x00000000d5800000,0x00000000d5880000)
 ParOldGen       total 1324032K, used 1323550K [0x0000000080000000, 0x00000000d0d00000, 0x00000000d5580000)
  object space 1324032K, 99% used [0x0000000080000000,0x00000000d0c87a70,0x00000000d0d00000)
 Metaspace       used 83575K, committed 85056K, reserved 1179648K
  class space    used 8704K, committed 9408K, reserved 1048576K
}
Event: 14262.096 GC heap before
{Heap before GC invocations=10083 (full 11):
 PSYoungGen      total 2048K, used 1728K [0x00000000d5580000, 0x00000000d5900000, 0x0000000100000000)
  eden space 1536K, 100% used [0x00000000d5580000,0x00000000d5700000,0x00000000d5700000)
  from space 512K, 37% used [0x00000000d5880000,0x00000000d58b0000,0x00000000d5900000)
  to   space 512K, 0% used [0x00000000d5800000,0x00000000d5800000,0x00000000d5880000)
 ParOldGen       total 1324032K, used 1323550K [0x0000000080000000, 0x00000000d0d00000, 0x00000000d5580000)
  object space 1324032K, 99% used [0x0000000080000000,0x00000000d0c87a70,0x00000000d0d00000)
 Metaspace       used 83575K, committed 85056K, reserved 1179648K
  class space    used 8704K, committed 9408K, reserved 1048576K
}
Event: 14262.574 GC heap after
{Heap after GC invocations=10083 (full 11):
 PSYoungGen      total 2048K, used 192K [0x00000000d5580000, 0x00000000d5900000, 0x0000000100000000)
  eden space 1536K, 0% used [0x00000000d5580000,0x00000000d5580000,0x00000000d5700000)
  from space 512K, 37% used [0x00000000d5800000,0x00000000d5830000,0x00000000d5880000)
  to   space 512K, 0% used [0x00000000d5880000,0x00000000d5880000,0x00000000d5900000)
 ParOldGen       total 1324032K, used 1323558K [0x0000000080000000, 0x00000000d0d00000, 0x00000000d5580000)
  object space 1324032K, 99% used [0x0000000080000000,0x00000000d0c89a70,0x00000000d0d00000)
 Metaspace       used 83575K, committed 85056K, reserved 1179648K
  class space    used 8704K, committed 9408K, reserved 1048576K
}
Event: 14264.352 GC heap before
{Heap before GC invocations=10084 (full 11):
 PSYoungGen      total 2048K, used 1728K [0x00000000d5580000, 0x00000000d5900000, 0x0000000100000000)
  eden space 1536K, 100% used [0x00000000d5580000,0x00000000d5700000,0x00000000d5700000)
  from space 512K, 37% used [0x00000000d5800000,0x00000000d5830000,0x00000000d5880000)
  to   space 512K, 0% used [0x00000000d5880000,0x00000000d5880000,0x00000000d5900000)
 ParOldGen       total 1324032K, used 1323558K [0x0000000080000000, 0x00000000d0d00000, 0x00000000d5580000)
  object space 1324032K, 99% used [0x0000000080000000,0x00000000d0c89a70,0x00000000d0d00000)
 Metaspace       used 83575K, committed 85056K, reserved 1179648K
  class space    used 8704K, committed 9408K, reserved 1048576K
}
Event: 14264.361 GC heap after
{Heap after GC invocations=10084 (full 11):
 PSYoungGen      total 2048K, used 128K [0x00000000d5580000, 0x00000000d5900000, 0x0000000100000000)
  eden space 1536K, 0% used [0x00000000d5580000,0x00000000d5580000,0x00000000d5700000)
  from space 512K, 25% used [0x00000000d5880000,0x00000000d58a0000,0x00000000d5900000)
  to   space 512K, 0% used [0x00000000d5800000,0x00000000d5800000,0x00000000d5880000)
 ParOldGen       total 1324032K, used 1323558K [0x0000000080000000, 0x00000000d0d00000, 0x00000000d5580000)
  object space 1324032K, 99% used [0x0000000080000000,0x00000000d0c89a70,0x00000000d0d00000)
 Metaspace       used 83575K, committed 85056K, reserved 1179648K
  class space    used 8704K, committed 9408K, reserved 1048576K
}

